<?xml version="1.0" encoding="UTF-8"?>
<!-- Generated by org.testng.reporters.JUnitReportReporter -->
<testsuite hostname="CO-IT026200" failures="0" tests="1" name="org.espn.tests.LoginUserTest" time="0.000" errors="0" timestamp="2022-11-14T10:21:50 COT" skipped="1">
  <testcase classname="org.espn.tests.LoginUserTest" name="clickInProfileUSer" time="0.000">
    <skipped/>
  </testcase> <!-- clickInProfileUSer -->
  <system-out/>
</testsuite> <!-- org.espn.tests.LoginUserTest -->
